<?xml version="1.0" encoding="UTF-8"?>
<!-- Generated by org.testng.reporters.JUnitXMLReporter -->
<testsuite ignored="2" hostname="TTNPL-4008" failures="0" tests="1" name="Car Loan" time="0.009" errors="0" timestamp="2022-12-12T23:21:35 IST">
  <testcase classname="test.class3" name="WebLoginCarLoan" time="0.002"/>
  <testcase classname="test.class3" name="MobileLoginApiCarLoan" time="0.0">
    <ignored/>
  </testcase> <!-- MobileLoginApiCarLoan -->
  <testcase classname="test.class3" name="MobileLoginCarLoan" time="0.0">
    <ignored/>
  </testcase> <!-- MobileLoginCarLoan -->
</testsuite> <!-- Car Loan -->
