<?xml version="1.0" encoding="UTF-8"?>
<!-- Generated by org.testng.reporters.JUnitXMLReporter -->
<testsuite ignored="2" hostname="TTNPL-4008" failures="0" tests="4" name="Personal Loan" time="0.034" errors="0" timestamp="2022-12-12T23:21:35 IST">
  <testcase classname="test.class1" name="SecondTest" time="0.006"/>
  <testcase classname="test.class1" name="demo" time="0.002"/>
  <testcase classname="test.class2" name="PLoan" time="0.002"/>
  <testcase classname="test.class4" name="LoginApiHomeLoan" time="0.001"/>
  <testcase classname="test.class4" name="MobileLoginHomeLoan" time="0.0">
    <ignored/>
  </testcase> <!-- MobileLoginHomeLoan -->
  <testcase classname="test.class4" name="WebLoginHomeLoan" time="0.0">
    <ignored/>
  </testcase> <!-- WebLoginHomeLoan -->
</testsuite> <!-- Personal Loan -->
