<?xml version="1.0" encoding="UTF-8"?>
<!-- Generated by org.testng.reporters.JUnitXMLReporter -->
<testsuite ignored="6" hostname="TTNPL-4008" failures="0" tests="3" name="Regression" time="0.037" errors="0" timestamp="2022-12-12T23:02:44 IST">
  <testcase classname="test.class2" name="PLoan" time="0.008"/>
  <testcase classname="test.class3" name="WebLoginCarLoan" time="0.001"/>
  <testcase classname="test.class4" name="WebLoginHomeLoan" time="0.001"/>
  <testcase classname="test.class4" name="MobileLoginHomeLoan" time="0.0">
    <ignored/>
  </testcase> <!-- MobileLoginHomeLoan -->
  <testcase classname="test.class1" name="demo" time="0.0">
    <ignored/>
  </testcase> <!-- demo -->
  <testcase classname="test.class3" name="MobileLoginApiCarLoan" time="0.0">
    <ignored/>
  </testcase> <!-- MobileLoginApiCarLoan -->
  <testcase classname="test.class1" name="SecondTest" time="0.0">
    <ignored/>
  </testcase> <!-- SecondTest -->
  <testcase classname="test.class4" name="LoginApiHomeLoan" time="0.0">
    <ignored/>
  </testcase> <!-- LoginApiHomeLoan -->
  <testcase classname="test.class3" name="MobileLoginCarLoan" time="0.0">
    <ignored/>
  </testcase> <!-- MobileLoginCarLoan -->
</testsuite> <!-- Regression -->
