<?xml version="1.0" encoding="UTF-8"?>
<testng-results ignored="0" total="2" passed="2" failed="0" skipped="0">
  <reporter-output>
  </reporter-output>
  <suite started-at="2023-02-05T22:55:14 IST" name="Suite" finished-at="2023-02-05T22:55:30 IST" duration-ms="15754">
    <groups>
    </groups>
    <test started-at="2023-02-05T22:55:14 IST" name="Test" finished-at="2023-02-05T22:55:30 IST" duration-ms="15754">
      <class name="Login_Page.test.testMethod">
        <test-method is-config="true" signature="beforeTest()[pri:0, instance:Login_Page.test.testMethod@1622f1b]" started-at="2023-02-05T22:55:14 IST" name="beforeTest" finished-at="2023-02-05T22:55:18 IST" duration-ms="3642" status="PASS">
          <reporter-output>
          </reporter-output>
        </test-method> <!-- beforeTest -->
        <test-method signature="GooglsearchText()[pri:1, instance:Login_Page.test.testMethod@1622f1b]" started-at="2023-02-05T22:55:18 IST" name="GooglsearchText" finished-at="2023-02-05T22:55:26 IST" duration-ms="7668" status="PASS">
          <reporter-output>
          </reporter-output>
        </test-method> <!-- GooglsearchText -->
        <test-method signature="facebookLoginVerify()[pri:2, instance:Login_Page.test.testMethod@1622f1b]" started-at="2023-02-05T22:55:26 IST" name="facebookLoginVerify" finished-at="2023-02-05T22:55:30 IST" duration-ms="4289" status="PASS">
          <reporter-output>
          </reporter-output>
        </test-method> <!-- facebookLoginVerify -->
        <test-method is-config="true" signature="afterTest()[pri:0, instance:Login_Page.test.testMethod@1622f1b]" started-at="2023-02-05T22:55:30 IST" name="afterTest" finished-at="2023-02-05T22:55:30 IST" duration-ms="114" status="PASS">
          <reporter-output>
          </reporter-output>
        </test-method> <!-- afterTest -->
      </class> <!-- Login_Page.test.testMethod -->
    </test> <!-- Test -->
  </suite> <!-- Suite -->
</testng-results>
